<?xml version="1.0" encoding="utf-8"?><testsuites name="pytest tests"><testsuite name="pytest" errors="0" failures="0" skipped="0" tests="5" time="1.257" timestamp="2026-07-07T11:48:26.018226+00:00" hostname="agent-env-4f33d400-22df-4e18-8ebe-09eeadb5aaee"><testcase classname="tests.backend_test" name="test_root" time="0.327" /><testcase classname="tests.backend_test" name="test_create_contact_valid" time="0.146" /><testcase classname="tests.backend_test" name="test_create_contact_invalid_email" time="0.056" /><testcase classname="tests.backend_test" name="test_create_contact_missing_fields" time="0.075" /><testcase classname="tests.backend_test" name="test_list_contacts" time="0.047" /></testsuite></testsuites>