<?xml version="1.0" encoding="utf-8"?><testsuites name="pytest tests"><testsuite name="pytest" errors="0" failures="0" skipped="0" tests="5" time="2.170" timestamp="2026-07-07T07:24:18.236637+00:00" hostname="agent-env-4f33d400-22df-4e18-8ebe-09eeadb5aaee"><testcase classname="tests.backend_test" name="test_root" time="0.332" /><testcase classname="tests.backend_test" name="test_create_contact_valid" time="0.205" /><testcase classname="tests.backend_test" name="test_create_contact_invalid_email" time="0.050" /><testcase classname="tests.backend_test" name="test_create_contact_missing_fields" time="0.047" /><testcase classname="tests.backend_test" name="test_list_contacts" time="0.047" /></testsuite></testsuites>